<?xml version="1.0" encoding="UTF-8"?>
<!-- Generated by org.testng.reporters.JUnitReportReporter -->
<testsuite hostname="DESKTOP-BLVPS1S" failures="0" tests="5" name="TestNG.TestNGdemo" time="24.818" errors="0" timestamp="2024-09-24T13:20:47 IST" skipped="0">
  <testcase classname="TestNG.TestNGdemo" name="setup" time="19.214"/>
  <system-out/>
  <testcase classname="TestNG.TestNGdemo" name="Enter_FullName" time="0.411"/>
  <system-out/>
  <testcase classname="TestNG.TestNGdemo" name="Enter_Email" time="0.516"/>
  <system-out/>
  <testcase classname="TestNG.TestNGdemo" name="Click_On_Signup_Button" time="4.652"/>
  <system-out/>
  <testcase classname="TestNG.TestNGdemo" name="teardown" time="0.025"/>
  <system-out/>
</testsuite> <!-- TestNG.TestNGdemo -->
